2022-04-27 15:40:00.676  INFO 9520 --- [restartedMain] com.myapp.pma.PmaApplication             : Starting PmaApplication using Java 11.0.2 on DESKTOP-F2F0JGO with PID 9520 (C:\java502\kimuj\SpringWorkspace\pma\target\classes started by admin in C:\java502\kimuj\SpringWorkspace\pma)
2022-04-27 15:40:00.679 DEBUG 9520 --- [restartedMain] com.myapp.pma.PmaApplication             : Running with Spring Boot v2.6.4, Spring v5.3.16
2022-04-27 15:40:00.680  INFO 9520 --- [restartedMain] com.myapp.pma.PmaApplication             : No active profile set, falling back to 1 default profile: "default"
2022-04-27 15:40:00.715  INFO 9520 --- [restartedMain] .e.DevToolsPropertyDefaultsPostProcessor : Devtools property defaults active! Set 'spring.devtools.add-properties' to 'false' to disable
2022-04-27 15:40:00.716  INFO 9520 --- [restartedMain] .e.DevToolsPropertyDefaultsPostProcessor : For additional web related logging consider setting the 'logging.level.web' property to 'DEBUG'
2022-04-27 15:40:01.199  INFO 9520 --- [restartedMain] .s.d.r.c.RepositoryConfigurationDelegate : Bootstrapping Spring Data JPA repositories in DEFAULT mode.
2022-04-27 15:40:01.243  INFO 9520 --- [restartedMain] .s.d.r.c.RepositoryConfigurationDelegate : Finished Spring Data repository scanning in 36 ms. Found 3 JPA repository interfaces.
2022-04-27 15:40:01.729  INFO 9520 --- [restartedMain] o.s.b.w.embedded.tomcat.TomcatWebServer  : Tomcat initialized with port(s): 8080 (http)
2022-04-27 15:40:01.802  INFO 9520 --- [restartedMain] w.s.c.ServletWebServerApplicationContext : Root WebApplicationContext: initialization completed in 1086 ms
2022-04-27 15:40:01.951  INFO 9520 --- [restartedMain] o.s.b.a.h2.H2ConsoleAutoConfiguration    : H2 console available at '/h2-console'. Database available at 'jdbc:mysql://localhost:3306/pma?useSSL=false&serverTimezone=Asia/Seoul'
2022-04-27 15:40:02.783  INFO 9520 --- [restartedMain] j.LocalContainerEntityManagerFactoryBean : Initialized JPA EntityManagerFactory for persistence unit 'default'
2022-04-27 15:40:03.096  WARN 9520 --- [restartedMain] JpaBaseConfiguration$JpaWebConfiguration : spring.jpa.open-in-view is enabled by default. Therefore, database queries may be performed during view rendering. Explicitly configure spring.jpa.open-in-view to disable this warning
2022-04-27 15:40:03.211  INFO 9520 --- [restartedMain] o.s.s.web.DefaultSecurityFilterChain     : Will not secure any request
2022-04-27 15:40:03.459  INFO 9520 --- [restartedMain] o.s.b.d.a.OptionalLiveReloadServer       : LiveReload server is running on port 35729
2022-04-27 15:40:03.487  INFO 9520 --- [restartedMain] o.s.b.w.embedded.tomcat.TomcatWebServer  : Tomcat started on port(s): 8080 (http) with context path ''
2022-04-27 15:40:03.494  INFO 9520 --- [restartedMain] com.myapp.pma.PmaApplication             : Started PmaApplication in 3.11 seconds (JVM running for 3.714)
2022-04-27 15:40:09.066  INFO 9520 --- [http-nio-8080-exec-1] o.s.web.servlet.DispatcherServlet        : Initializing Servlet 'dispatcherServlet'
2022-04-27 15:40:09.068  INFO 9520 --- [http-nio-8080-exec-1] o.s.web.servlet.DispatcherServlet        : Completed initialization in 1 ms
2022-04-27 15:40:43.733  INFO 9520 --- [RMI TCP Connection(10)-127.0.0.1] inMXBeanRegistrar$SpringApplicationAdmin : Application shutdown requested.
2022-04-27 15:40:43.783  INFO 9520 --- [RMI TCP Connection(10)-127.0.0.1] j.LocalContainerEntityManagerFactoryBean : Closing JPA EntityManagerFactory for persistence unit 'default'
